<?xml version="1.0" encoding="UTF-8"?>
<!-- Generated by org.testng.reporters.JUnitReportReporter -->
<testsuite hostname="LAPTOP-28CTFOM5" name="SimpleProgrammer.LoginApplication" tests="1" failures="0" timestamp="27 Apr 2019 17:13:54 GMT" time="2.302" errors="0">
  <testcase name="Login" time="2.302" classname="SimpleProgrammer.LoginApplication"/>
</testsuite> <!-- SimpleProgrammer.LoginApplication -->
