<?xml version="1.0" encoding="UTF-8"?>
<!-- Generated by org.testng.reporters.JUnitReportReporter -->
<testsuite hostname="LAPTOP-28CTFOM5" name="SimpleProgrammer.ProductApplication" tests="2" failures="0" timestamp="27 Apr 2019 17:13:54 GMT" time="18.062" errors="0">
  <testcase name="BuyItem" time="15.698" classname="SimpleProgrammer.ProductApplication"/>
  <testcase name="CartItem" time="2.364" classname="SimpleProgrammer.ProductApplication"/>
</testsuite> <!-- SimpleProgrammer.ProductApplication -->
