<?xml version="1.0" encoding="UTF-8"?>
<!-- Generated by org.testng.reporters.JUnitReportReporter -->
<testsuite hostname="LAPTOP-28CTFOM5" name="SimpleProgrammer.PurchaseApplication" tests="4" failures="0" timestamp="23 Apr 2019 16:44:33 GMT" time="52.459" errors="0">
  <testcase name="ClientData" time="1.643" classname="SimpleProgrammer.PurchaseApplication"/>
  <testcase name="CartItem" time="11.317" classname="SimpleProgrammer.PurchaseApplication"/>
  <testcase name="BuyItem" time="13.028" classname="SimpleProgrammer.PurchaseApplication"/>
  <testcase name="CardData" time="26.471" classname="SimpleProgrammer.PurchaseApplication"/>
</testsuite> <!-- SimpleProgrammer.PurchaseApplication -->
