<?xml version="1.0" encoding="UTF-8"?>
<!-- Generated by org.testng.reporters.JUnitReportReporter -->
<testsuite hostname="LAPTOP-28CTFOM5" name="SimpleProgrammer.validateProduct" tests="1" failures="0" timestamp="27 Apr 2019 17:13:54 GMT" time="0.072" errors="0">
  <testcase name="Product" time="0.072" classname="SimpleProgrammer.validateProduct"/>
</testsuite> <!-- SimpleProgrammer.validateProduct -->
