<?xml version="1.0" encoding="UTF-8"?>
<!-- Generated by org.testng.reporters.JUnitReportReporter -->
<testsuite hostname="LAPTOP-28CTFOM5" name="SimpleProgrammer.PostApplication" tests="1" failures="0" timestamp="23 Apr 2019 19:12:35 GMT" time="28.897" errors="0">
  <testcase name="setup" time="28.897" classname="SimpleProgrammer.PostApplication"/>
</testsuite> <!-- SimpleProgrammer.PostApplication -->
