<?xml version="1.0" encoding="UTF-8"?>
<!-- Generated by org.testng.reporters.JUnitReportReporter -->
<testsuite hostname="LAPTOP-28CTFOM5" name="SimpleProgrammer.validateForumNodes" tests="1" failures="0" timestamp="17 Apr 2019 15:56:01 GMT" time="38.761" errors="0">
  <testcase name="Login" time="38.761" classname="SimpleProgrammer.validateForumNodes"/>
</testsuite> <!-- SimpleProgrammer.validateForumNodes -->
