<?xml version="1.0" encoding="UTF-8"?>
<!-- Generated by org.testng.reporters.JUnitReportReporter -->
<testsuite hostname="LAPTOP-28CTFOM5" name="SimpleProgrammer.validateTitle" tests="1" failures="0" timestamp="27 Apr 2019 02:08:07 GMT" time="0.204" errors="0">
  <testcase name="Login" time="0.204" classname="SimpleProgrammer.validateTitle"/>
</testsuite> <!-- SimpleProgrammer.validateTitle -->
