<?xml version="1.0" encoding="UTF-8"?>
<!-- Generated by org.testng.reporters.JUnitReportReporter -->
<testsuite hostname="LAPTOP-28CTFOM5" name="SimpleProgrammer.ProductApplication" tests="2" failures="0" timestamp="27 Apr 2019 02:08:07 GMT" time="15.951" errors="0">
  <testcase name="BuyItem" time="13.103" classname="SimpleProgrammer.ProductApplication"/>
  <testcase name="CartItem" time="2.848" classname="SimpleProgrammer.ProductApplication"/>
</testsuite> <!-- SimpleProgrammer.ProductApplication -->
